# JRE version: Java(TM) SE Runtime Environment (8.0_51-b16) (build 1.8.0_51-b16)
# Java VM: Java HotSpot(TM) 64-Bit Server VM (25.51-b03 mixed mode bsd-amd64 compressed oops)
Heap:
 PSYoungGen      total 288256K, used 173217K [0x00000007aab00000, 0x00000007c0000000, 0x00000007c0000000)
  eden space 250880K, 54% used [0x00000007aab00000,0x00000007b2fac208,0x00000007ba000000)
  from space 37376K, 99% used [0x00000007bdb80000,0x00000007bfffc310,0x00000007c0000000)
  to   space 49152K, 0% used [0x00000007ba000000,0x00000007ba000000,0x00000007bd000000)
 ParOldGen       total 117760K, used 82449K [0x0000000780000000, 0x0000000787300000, 0x00000007aab00000)
  object space 117760K, 70% used [0x0000000780000000,0x0000000785084408,0x0000000787300000)
 Metaspace       used 28070K, capacity 29434K, committed 29696K, reserved 1075200K
  class space    used 3480K, capacity 3755K, committed 3840K, reserved 1048576K
GC Heap History (10 events):
Event: 86.581 GC heap before
{Heap before GC invocations=20 (full 3):
 PSYoungGen      total 327168K, used 20966K [0x00000007aab00000, 0x00000007c0000000, 0x00000007c0000000)
  eden space 306176K, 0% used [0x00000007aab00000,0x00000007aab00000,0x00000007bd600000)
  from space 20992K, 99% used [0x00000007bd600000,0x00000007bea79930,0x00000007bea80000)
  to   space 22016K, 0% used [0x00000007bea80000,0x00000007bea80000,0x00000007c0000000)
 ParOldGen       total 60416K, used 59761K [0x0000000780000000, 0x0000000783b00000, 0x00000007aab00000)
  object space 60416K, 98% used [0x0000000780000000,0x0000000783a5c5b8,0x0000000783b00000)
 Metaspace       used 27829K, capacity 29236K, committed 29440K, reserved 1075200K
  class space    used 3478K, capacity 3754K, committed 3840K, reserved 1048576K
Event: 86.721 GC heap after
Heap after GC invocations=20 (full 3):
 PSYoungGen      total 327168K, used 4962K [0x00000007aab00000, 0x00000007c0000000, 0x00000007c0000000)
  eden space 306176K, 0% used [0x00000007aab00000,0x00000007aab00000,0x00000007bd600000)
  from space 20992K, 23% used [0x00000007bd600000,0x00000007bdad88f8,0x00000007bea80000)
  to   space 22016K, 0% used [0x00000007bea80000,0x00000007bea80000,0x00000007c0000000)
 ParOldGen       total 96768K, used 58989K [0x0000000780000000, 0x0000000785e80000, 0x00000007aab00000)
  object space 96768K, 60% used [0x0000000780000000,0x000000078399b590,0x0000000785e80000)
 Metaspace       used 27829K, capacity 29236K, committed 29440K, reserved 1075200K
  class space    used 3478K, capacity 3754K, committed 3840K, reserved 1048576K
}
Event: 88.327 GC heap before
{Heap before GC invocations=21 (full 3):
 PSYoungGen      total 327168K, used 310697K [0x00000007aab00000, 0x00000007c0000000, 0x00000007c0000000)
  eden space 306176K, 99% used [0x00000007aab00000,0x00000007bd591d50,0x00000007bd600000)
  from space 20992K, 23% used [0x00000007bd600000,0x00000007bdad88f8,0x00000007bea80000)
  to   space 22016K, 0% used [0x00000007bea80000,0x00000007bea80000,0x00000007c0000000)
 ParOldGen       total 96768K, used 58989K [0x0000000780000000, 0x0000000785e80000, 0x00000007aab00000)
  object space 96768K, 60% used [0x0000000780000000,0x000000078399b590,0x0000000785e80000)
 Metaspace       used 27853K, capacity 29242K, committed 29440K, reserved 1075200K
  class space    used 3479K, capacity 3755K, committed 3840K, reserved 1048576K
Event: 88.358 GC heap after
Heap after GC invocations=21 (full 3):
 PSYoungGen      total 301568K, used 21978K [0x00000007aab00000, 0x00000007c0000000, 0x00000007c0000000)
  eden space 279552K, 0% used [0x00000007aab00000,0x00000007aab00000,0x00000007bbc00000)
  from space 22016K, 99% used [0x00000007bea80000,0x00000007bfff6b88,0x00000007c0000000)
  to   space 34816K, 0% used [0x00000007bbc00000,0x00000007bbc00000,0x00000007bde00000)
 ParOldGen       total 96768K, used 69998K [0x0000000780000000, 0x0000000785e80000, 0x00000007aab00000)
  object space 96768K, 72% used [0x0000000780000000,0x000000078445b8e0,0x0000000785e80000)
 Metaspace       used 27853K, capacity 29242K, committed 29440K, reserved 1075200K
  class space    used 3479K, capacity 3755K, committed 3840K, reserved 1048576K
}
Event: 89.771 GC heap before
{Heap before GC invocations=22 (full 3):
 PSYoungGen      total 301568K, used 301400K [0x00000007aab00000, 0x00000007c0000000, 0x00000007c0000000)
  eden space 279552K, 99% used [0x00000007aab00000,0x00000007bbbdf680,0x00000007bbc00000)
  from space 22016K, 99% used [0x00000007bea80000,0x00000007bfff6b88,0x00000007c0000000)
  to   space 34816K, 0% used [0x00000007bbc00000,0x00000007bbc00000,0x00000007bde00000)
 ParOldGen       total 96768K, used 69998K [0x0000000780000000, 0x0000000785e80000, 0x00000007aab00000)
  object space 96768K, 72% used [0x0000000780000000,0x000000078445b8e0,0x0000000785e80000)
 Metaspace       used 27860K, capacity 29242K, committed 29440K, reserved 1075200K
  class space    used 3479K, capacity 3755K, committed 3840K, reserved 1048576K
Event: 89.804 GC heap after
Heap after GC invocations=22 (full 3):
 PSYoungGen      total 311808K, used 31746K [0x00000007aab00000, 0x00000007c0000000, 0x00000007c0000000)
  eden space 279552K, 0% used [0x00000007aab00000,0x00000007aab00000,0x00000007bbc00000)
  from space 32256K, 98% used [0x00000007bbc00000,0x00000007bdb00980,0x00000007bdb80000)
  to   space 37376K, 0% used [0x00000007bdb80000,0x00000007bdb80000,0x00000007c0000000)
 ParOldGen       total 96768K, used 80538K [0x0000000780000000, 0x0000000785e80000, 0x00000007aab00000)
  object space 96768K, 83% used [0x0000000780000000,0x0000000784ea6808,0x0000000785e80000)
 Metaspace       used 27860K, capacity 29242K, committed 29440K, reserved 1075200K
  class space    used 3479K, capacity 3755K, committed 3840K, reserved 1048576K
}
Event: 89.804 GC heap before
{Heap before GC invocations=23 (full 4):
 PSYoungGen      total 311808K, used 31746K [0x00000007aab00000, 0x00000007c0000000, 0x00000007c0000000)
  eden space 279552K, 0% used [0x00000007aab00000,0x00000007aab00000,0x00000007bbc00000)
  from space 32256K, 98% used [0x00000007bbc00000,0x00000007bdb00980,0x00000007bdb80000)
  to   space 37376K, 0% used [0x00000007bdb80000,0x00000007bdb80000,0x00000007c0000000)
 ParOldGen       total 96768K, used 80538K [0x0000000780000000, 0x0000000785e80000, 0x00000007aab00000)
  object space 96768K, 83% used [0x0000000780000000,0x0000000784ea6808,0x0000000785e80000)
 Metaspace       used 27860K, capacity 29242K, committed 29440K, reserved 1075200K
  class space    used 3479K, capacity 3755K, committed 3840K, reserved 1048576K
Event: 89.876 GC heap after
Heap after GC invocations=23 (full 4):
 PSYoungGen      total 311808K, used 0K [0x00000007aab00000, 0x00000007c0000000, 0x00000007c0000000)
  eden space 279552K, 0% used [0x00000007aab00000,0x00000007aab00000,0x00000007bbc00000)
  from space 32256K, 0% used [0x00000007bbc00000,0x00000007bbc00000,0x00000007bdb80000)
  to   space 37376K, 0% used [0x00000007bdb80000,0x00000007bdb80000,0x00000007c0000000)
 ParOldGen       total 117760K, used 73917K [0x0000000780000000, 0x0000000787300000, 0x00000007aab00000)
  object space 117760K, 62% used [0x0000000780000000,0x000000078482f6e8,0x0000000787300000)
 Metaspace       used 27860K, capacity 29242K, committed 29440K, reserved 1075200K
  class space    used 3479K, capacity 3755K, committed 3840K, reserved 1048576K
}
Event: 101.542 GC heap before
{Heap before GC invocations=24 (full 4):
 PSYoungGen      total 311808K, used 279081K [0x00000007aab00000, 0x00000007c0000000, 0x00000007c0000000)
  eden space 279552K, 99% used [0x00000007aab00000,0x00000007bbb8a618,0x00000007bbc00000)
  from space 32256K, 0% used [0x00000007bbc00000,0x00000007bbc00000,0x00000007bdb80000)
  to   space 37376K, 0% used [0x00000007bdb80000,0x00000007bdb80000,0x00000007c0000000)
 ParOldGen       total 117760K, used 73917K [0x0000000780000000, 0x0000000787300000, 0x00000007aab00000)
  object space 117760K, 62% used [0x0000000780000000,0x000000078482f6e8,0x0000000787300000)
 Metaspace       used 27912K, capacity 29306K, committed 29440K, reserved 1075200K
  class space    used 3480K, capacity 3755K, committed 3840K, reserved 1048576K
Event: 101.625 GC heap after
Heap after GC invocations=24 (full 4):
 PSYoungGen      total 288256K, used 37360K [0x00000007aab00000, 0x00000007c0000000, 0x00000007c0000000)
  eden space 250880K, 0% used [0x00000007aab00000,0x00000007aab00000,0x00000007ba000000)
  from space 37376K, 99% used [0x00000007bdb80000,0x00000007bfffc310,0x00000007c0000000)
  to   space 49152K, 0% used [0x00000007ba000000,0x00000007ba000000,0x00000007bd000000)
 ParOldGen       total 117760K, used 82449K [0x0000000780000000, 0x0000000787300000, 0x00000007aab00000)
  object space 117760K, 70% used [0x0000000780000000,0x0000000785084408,0x0000000787300000)
 Metaspace       used 27912K, capacity 29306K, committed 29440K, reserved 1075200K
  class space    used 3480K, capacity 3755K, committed 3840K, reserved 1048576K
}

