# JRE version: Java(TM) SE Runtime Environment (8.0_51-b16) (build 1.8.0_51-b16)
# Java VM: Java HotSpot(TM) 64-Bit Server VM (25.51-b03 mixed mode bsd-amd64 compressed oops)
Heap:
 PSYoungGen      total 293888K, used 143658K [0x00000007aab00000, 0x00000007bdd00000, 0x00000007c0000000)
  eden space 278528K, 46% used [0x00000007aab00000,0x00000007b2ab4d98,0x00000007bbb00000)
  from space 15360K, 83% used [0x00000007bcc80000,0x00000007bd915c48,0x00000007bdb80000)
  to   space 17408K, 0% used [0x00000007bbb00000,0x00000007bbb00000,0x00000007bcc00000)
 ParOldGen       total 53248K, used 36150K [0x0000000780000000, 0x0000000783400000, 0x00000007aab00000)
  object space 53248K, 67% used [0x0000000780000000,0x000000078234da60,0x0000000783400000)
 Metaspace       used 27277K, capacity 28668K, committed 28976K, reserved 1075200K
  class space    used 3483K, capacity 3768K, committed 3888K, reserved 1048576K
GC Heap History (10 events):
Event: 29.075 GC heap before
{Heap before GC invocations=14 (full 1):
 PSYoungGen      total 132608K, used 132598K [0x00000007aab00000, 0x00000007b3f00000, 0x00000007c0000000)
  eden space 126464K, 100% used [0x00000007aab00000,0x00000007b2680000,0x00000007b2680000)
  from space 6144K, 99% used [0x00000007b3100000,0x00000007b36fdb70,0x00000007b3700000)
  to   space 10752K, 0% used [0x00000007b2680000,0x00000007b2680000,0x00000007b3100000)
 ParOldGen       total 28160K, used 17037K [0x0000000780000000, 0x0000000781b80000, 0x00000007aab00000)
  object space 28160K, 60% used [0x0000000780000000,0x00000007810a3788,0x0000000781b80000)
 Metaspace       used 26077K, capacity 27440K, committed 27568K, reserved 1073152K
  class space    used 3405K, capacity 3672K, committed 3760K, reserved 1048576K
Event: 29.117 GC heap after
Heap after GC invocations=14 (full 1):
 PSYoungGen      total 137216K, used 9928K [0x00000007aab00000, 0x00000007b8180000, 0x00000007c0000000)
  eden space 126464K, 0% used [0x00000007aab00000,0x00000007aab00000,0x00000007b2680000)
  from space 10752K, 92% used [0x00000007b2680000,0x00000007b30321d0,0x00000007b3100000)
  to   space 12800K, 0% used [0x00000007b7500000,0x00000007b7500000,0x00000007b8180000)
 ParOldGen       total 28160K, used 22484K [0x0000000780000000, 0x0000000781b80000, 0x00000007aab00000)
  object space 28160K, 79% used [0x0000000780000000,0x00000007815f5380,0x0000000781b80000)
 Metaspace       used 26077K, capacity 27440K, committed 27568K, reserved 1073152K
  class space    used 3405K, capacity 3672K, committed 3760K, reserved 1048576K
}
Event: 29.119 GC heap before
{Heap before GC invocations=15 (full 2):
 PSYoungGen      total 137216K, used 9928K [0x00000007aab00000, 0x00000007b8180000, 0x00000007c0000000)
  eden space 126464K, 0% used [0x00000007aab00000,0x00000007aab00000,0x00000007b2680000)
  from space 10752K, 92% used [0x00000007b2680000,0x00000007b30321d0,0x00000007b3100000)
  to   space 12800K, 0% used [0x00000007b7500000,0x00000007b7500000,0x00000007b8180000)
 ParOldGen       total 28160K, used 22484K [0x0000000780000000, 0x0000000781b80000, 0x00000007aab00000)
  object space 28160K, 79% used [0x0000000780000000,0x00000007815f5380,0x0000000781b80000)
 Metaspace       used 26077K, capacity 27440K, committed 27568K, reserved 1073152K
  class space    used 3405K, capacity 3672K, committed 3760K, reserved 1048576K
Event: 29.208 GC heap after
Heap after GC invocations=15 (full 2):
 PSYoungGen      total 137216K, used 0K [0x00000007aab00000, 0x00000007b8180000, 0x00000007c0000000)
  eden space 126464K, 0% used [0x00000007aab00000,0x00000007aab00000,0x00000007b2680000)
  from space 10752K, 0% used [0x00000007b2680000,0x00000007b2680000,0x00000007b3100000)
  to   space 12800K, 0% used [0x00000007b7500000,0x00000007b7500000,0x00000007b8180000)
 ParOldGen       total 53248K, used 27388K [0x0000000780000000, 0x0000000783400000, 0x00000007aab00000)
  object space 53248K, 51% used [0x0000000780000000,0x0000000781abf180,0x0000000783400000)
 Metaspace       used 26075K, capacity 27432K, committed 27568K, reserved 1073152K
  class space    used 3403K, capacity 3670K, committed 3760K, reserved 1048576K
}
Event: 34.950 GC heap before
{Heap before GC invocations=16 (full 2):
 PSYoungGen      total 137216K, used 126464K [0x00000007aab00000, 0x00000007b8180000, 0x00000007c0000000)
  eden space 126464K, 100% used [0x00000007aab00000,0x00000007b2680000,0x00000007b2680000)
  from space 10752K, 0% used [0x00000007b2680000,0x00000007b2680000,0x00000007b3100000)
  to   space 12800K, 0% used [0x00000007b7500000,0x00000007b7500000,0x00000007b8180000)
 ParOldGen       total 53248K, used 27388K [0x0000000780000000, 0x0000000783400000, 0x00000007aab00000)
  object space 53248K, 51% used [0x0000000780000000,0x0000000781abf180,0x0000000783400000)
 Metaspace       used 26363K, capacity 27702K, committed 27824K, reserved 1073152K
  class space    used 3405K, capacity 3671K, committed 3760K, reserved 1048576K
Event: 34.962 GC heap after
Heap after GC invocations=16 (full 2):
 PSYoungGen      total 197632K, used 7749K [0x00000007aab00000, 0x00000007b7d80000, 0x00000007c0000000)
  eden space 188928K, 0% used [0x00000007aab00000,0x00000007aab00000,0x00000007b6380000)
  from space 8704K, 89% used [0x00000007b7500000,0x00000007b7c91538,0x00000007b7d80000)
  to   space 13312K, 0% used [0x00000007b6380000,0x00000007b6380000,0x00000007b7080000)
 ParOldGen       total 53248K, used 27396K [0x0000000780000000, 0x0000000783400000, 0x00000007aab00000)
  object space 53248K, 51% used [0x0000000780000000,0x0000000781ac1180,0x0000000783400000)
 Metaspace       used 26363K, capacity 27702K, committed 27824K, reserved 1073152K
  class space    used 3405K, capacity 3671K, committed 3760K, reserved 1048576K
}
Event: 37.335 GC heap before
{Heap before GC invocations=17 (full 2):
 PSYoungGen      total 197632K, used 196677K [0x00000007aab00000, 0x00000007b7d80000, 0x00000007c0000000)
  eden space 188928K, 100% used [0x00000007aab00000,0x00000007b6380000,0x00000007b6380000)
  from space 8704K, 89% used [0x00000007b7500000,0x00000007b7c91538,0x00000007b7d80000)
  to   space 13312K, 0% used [0x00000007b6380000,0x00000007b6380000,0x00000007b7080000)
 ParOldGen       total 53248K, used 27396K [0x0000000780000000, 0x0000000783400000, 0x00000007aab00000)
  object space 53248K, 51% used [0x0000000780000000,0x0000000781ac1198,0x0000000783400000)
 Metaspace       used 26896K, capacity 28318K, committed 28464K, reserved 1073152K
  class space    used 3469K, capacity 3765K, committed 3888K, reserved 1048576K
Event: 37.381 GC heap after
Heap after GC invocations=17 (full 2):
 PSYoungGen      total 202240K, used 12112K [0x00000007aab00000, 0x00000007bdb80000, 0x00000007c0000000)
  eden space 188928K, 0% used [0x00000007aab00000,0x00000007aab00000,0x00000007b6380000)
  from space 13312K, 90% used [0x00000007b6380000,0x00000007b6f54160,0x00000007b7080000)
  to   space 15360K, 0% used [0x00000007bcc80000,0x00000007bcc80000,0x00000007bdb80000)
 ParOldGen       total 53248K, used 32538K [0x0000000780000000, 0x0000000783400000, 0x00000007aab00000)
  object space 53248K, 61% used [0x0000000780000000,0x0000000781fc6ba8,0x0000000783400000)
 Metaspace       used 26896K, capacity 28318K, committed 28464K, reserved 1073152K
  class space    used 3469K, capacity 3765K, committed 3888K, reserved 1048576K
}
Event: 40.501 GC heap before
{Heap before GC invocations=18 (full 2):
 PSYoungGen      total 202240K, used 201040K [0x00000007aab00000, 0x00000007bdb80000, 0x00000007c0000000)
  eden space 188928K, 100% used [0x00000007aab00000,0x00000007b6380000,0x00000007b6380000)
  from space 13312K, 90% used [0x00000007b6380000,0x00000007b6f54160,0x00000007b7080000)
  to   space 15360K, 0% used [0x00000007bcc80000,0x00000007bcc80000,0x00000007bdb80000)
 ParOldGen       total 53248K, used 32565K [0x0000000780000000, 0x0000000783400000, 0x00000007aab00000)
  object space 53248K, 61% used [0x0000000780000000,0x0000000781fcd638,0x0000000783400000)
 Metaspace       used 27107K, capacity 28524K, committed 28720K, reserved 1075200K
  class space    used 3477K, capacity 3768K, committed 3888K, reserved 1048576K
Event: 40.529 GC heap after
Heap after GC invocations=18 (full 2):
 PSYoungGen      total 293888K, used 12887K [0x00000007aab00000, 0x00000007bdd00000, 0x00000007c0000000)
  eden space 278528K, 0% used [0x00000007aab00000,0x00000007aab00000,0x00000007bbb00000)
  from space 15360K, 83% used [0x00000007bcc80000,0x00000007bd915c48,0x00000007bdb80000)
  to   space 17408K, 0% used [0x00000007bbb00000,0x00000007bbb00000,0x00000007bcc00000)
 ParOldGen       total 53248K, used 36150K [0x0000000780000000, 0x0000000783400000, 0x00000007aab00000)
  object space 53248K, 67% used [0x0000000780000000,0x000000078234da60,0x0000000783400000)
 Metaspace       used 27107K, capacity 28524K, committed 28720K, reserved 1075200K
  class space    used 3477K, capacity 3768K, committed 3888K, reserved 1048576K
}

