# JRE version: Java(TM) SE Runtime Environment (8.0_51-b16) (build 1.8.0_51-b16)
# Java VM: Java HotSpot(TM) 64-Bit Server VM (25.51-b03 mixed mode bsd-amd64 compressed oops)
Heap:
 PSYoungGen      total 203264K, used 89069K [0x00000007aab00000, 0x00000007bea80000, 0x00000007c0000000)
  eden space 190464K, 40% used [0x00000007aab00000,0x00000007af5c78b8,0x00000007b6500000)
  from space 12800K, 97% used [0x00000007b6500000,0x00000007b7133df0,0x00000007b7180000)
  to   space 34816K, 0% used [0x00000007bc880000,0x00000007bc880000,0x00000007bea80000)
 ParOldGen       total 128000K, used 73519K [0x0000000780000000, 0x0000000787d00000, 0x00000007aab00000)
  object space 128000K, 57% used [0x0000000780000000,0x00000007847cbef0,0x0000000787d00000)
 Metaspace       used 26952K, capacity 28346K, committed 28592K, reserved 1075200K
  class space    used 3483K, capacity 3747K, committed 3760K, reserved 1048576K
GC Heap History (10 events):
Event: 47.248 GC heap before
{Heap before GC invocations=15 (full 1):
 PSYoungGen      total 87552K, used 83098K [0x00000007aab00000, 0x00000007b3300000, 0x00000007c0000000)
  eden space 80896K, 100% used [0x00000007aab00000,0x00000007afa00000,0x00000007afa00000)
  from space 6656K, 33% used [0x00000007afa00000,0x00000007afc26a78,0x00000007b0080000)
  to   space 6144K, 0% used [0x00000007b2d00000,0x00000007b2d00000,0x00000007b3300000)
 ParOldGen       total 37888K, used 10648K [0x0000000780000000, 0x0000000782500000, 0x00000007aab00000)
  object space 37888K, 28% used [0x0000000780000000,0x0000000780a66350,0x0000000782500000)
 Metaspace       used 25494K, capacity 26806K, committed 27056K, reserved 1073152K
  class space    used 3429K, capacity 3697K, committed 3760K, reserved 1048576K
Event: 47.260 GC heap after
Heap after GC invocations=15 (full 1):
 PSYoungGen      total 130560K, used 6143K [0x00000007aab00000, 0x00000007b3780000, 0x00000007c0000000)
  eden space 124416K, 0% used [0x00000007aab00000,0x00000007aab00000,0x00000007b2480000)
  from space 6144K, 99% used [0x00000007b2d00000,0x00000007b32fff58,0x00000007b3300000)
  to   space 8704K, 0% used [0x00000007b2480000,0x00000007b2480000,0x00000007b2d00000)
 ParOldGen       total 37888K, used 13931K [0x0000000780000000, 0x0000000782500000, 0x00000007aab00000)
  object space 37888K, 36% used [0x0000000780000000,0x0000000780d9ad20,0x0000000782500000)
 Metaspace       used 25494K, capacity 26806K, committed 27056K, reserved 1073152K
  class space    used 3429K, capacity 3697K, committed 3760K, reserved 1048576K
}
Event: 51.979 GC heap before
{Heap before GC invocations=16 (full 1):
 PSYoungGen      total 130560K, used 130559K [0x00000007aab00000, 0x00000007b3780000, 0x00000007c0000000)
  eden space 124416K, 100% used [0x00000007aab00000,0x00000007b2480000,0x00000007b2480000)
  from space 6144K, 99% used [0x00000007b2d00000,0x00000007b32fff58,0x00000007b3300000)
  to   space 8704K, 0% used [0x00000007b2480000,0x00000007b2480000,0x00000007b2d00000)
 ParOldGen       total 37888K, used 13931K [0x0000000780000000, 0x0000000782500000, 0x00000007aab00000)
  object space 37888K, 36% used [0x0000000780000000,0x0000000780d9ad20,0x0000000782500000)
 Metaspace       used 25887K, capacity 27244K, committed 27312K, reserved 1073152K
  class space    used 3435K, capacity 3704K, committed 3760K, reserved 1048576K
Event: 51.999 GC heap after
Heap after GC invocations=16 (full 1):
 PSYoungGen      total 133120K, used 8676K [0x00000007aab00000, 0x00000007b7f00000, 0x00000007c0000000)
  eden space 124416K, 0% used [0x00000007aab00000,0x00000007aab00000,0x00000007b2480000)
  from space 8704K, 99% used [0x00000007b2480000,0x00000007b2cf90b8,0x00000007b2d00000)
  to   space 12288K, 0% used [0x00000007b7300000,0x00000007b7300000,0x00000007b7f00000)
 ParOldGen       total 37888K, used 19816K [0x0000000780000000, 0x0000000782500000, 0x00000007aab00000)
  object space 37888K, 52% used [0x0000000780000000,0x000000078135a1e8,0x0000000782500000)
 Metaspace       used 25887K, capacity 27244K, committed 27312K, reserved 1073152K
  class space    used 3435K, capacity 3704K, committed 3760K, reserved 1048576K
}
Event: 61.202 GC heap before
{Heap before GC invocations=17 (full 1):
 PSYoungGen      total 133120K, used 133092K [0x00000007aab00000, 0x00000007b7f00000, 0x00000007c0000000)
  eden space 124416K, 100% used [0x00000007aab00000,0x00000007b2480000,0x00000007b2480000)
  from space 8704K, 99% used [0x00000007b2480000,0x00000007b2cf90b8,0x00000007b2d00000)
  to   space 12288K, 0% used [0x00000007b7300000,0x00000007b7300000,0x00000007b7f00000)
 ParOldGen       total 37888K, used 19816K [0x0000000780000000, 0x0000000782500000, 0x00000007aab00000)
  object space 37888K, 52% used [0x0000000780000000,0x000000078135a1e8,0x0000000782500000)
 Metaspace       used 26712K, capacity 28080K, committed 28336K, reserved 1073152K
  class space    used 3477K, capacity 3746K, committed 3760K, reserved 1048576K
Event: 61.219 GC heap after
Heap after GC invocations=17 (full 1):
 PSYoungGen      total 201728K, used 7105K [0x00000007aab00000, 0x00000007b7e00000, 0x00000007c0000000)
  eden space 190464K, 0% used [0x00000007aab00000,0x00000007aab00000,0x00000007b6500000)
  from space 11264K, 63% used [0x00000007b7300000,0x00000007b79f05a0,0x00000007b7e00000)
  to   space 12800K, 0% used [0x00000007b6500000,0x00000007b6500000,0x00000007b7180000)
 ParOldGen       total 37888K, used 26282K [0x0000000780000000, 0x0000000782500000, 0x00000007aab00000)
  object space 37888K, 69% used [0x0000000780000000,0x00000007819aa9a8,0x0000000782500000)
 Metaspace       used 26712K, capacity 28080K, committed 28336K, reserved 1073152K
  class space    used 3477K, capacity 3746K, committed 3760K, reserved 1048576K
}
Event: 63.620 GC heap before
{Heap before GC invocations=18 (full 1):
 PSYoungGen      total 201728K, used 197569K [0x00000007aab00000, 0x00000007b7e00000, 0x00000007c0000000)
  eden space 190464K, 100% used [0x00000007aab00000,0x00000007b6500000,0x00000007b6500000)
  from space 11264K, 63% used [0x00000007b7300000,0x00000007b79f05a0,0x00000007b7e00000)
  to   space 12800K, 0% used [0x00000007b6500000,0x00000007b6500000,0x00000007b7180000)
 ParOldGen       total 37888K, used 26298K [0x0000000780000000, 0x0000000782500000, 0x00000007aab00000)
  object space 37888K, 69% used [0x0000000780000000,0x00000007819ae9c8,0x0000000782500000)
 Metaspace       used 26916K, capacity 28282K, committed 28336K, reserved 1073152K
  class space    used 3483K, capacity 3747K, committed 3760K, reserved 1048576K
Event: 63.696 GC heap after
Heap after GC invocations=18 (full 1):
 PSYoungGen      total 203264K, used 12779K [0x00000007aab00000, 0x00000007bea80000, 0x00000007c0000000)
  eden space 190464K, 0% used [0x00000007aab00000,0x00000007aab00000,0x00000007b6500000)
  from space 12800K, 99% used [0x00000007b6500000,0x00000007b717aee8,0x00000007b7180000)
  to   space 34816K, 0% used [0x00000007bc880000,0x00000007bc880000,0x00000007bea80000)
 ParOldGen       total 80384K, used 80057K [0x0000000780000000, 0x0000000784e80000, 0x00000007aab00000)
  object space 80384K, 99% used [0x0000000780000000,0x0000000784e2e418,0x0000000784e80000)
 Metaspace       used 26916K, capacity 28282K, committed 28336K, reserved 1073152K
  class space    used 3483K, capacity 3747K, committed 3760K, reserved 1048576K
}
Event: 63.696 GC heap before
{Heap before GC invocations=19 (full 2):
 PSYoungGen      total 203264K, used 12779K [0x00000007aab00000, 0x00000007bea80000, 0x00000007c0000000)
  eden space 190464K, 0% used [0x00000007aab00000,0x00000007aab00000,0x00000007b6500000)
  from space 12800K, 99% used [0x00000007b6500000,0x00000007b717aee8,0x00000007b7180000)
  to   space 34816K, 0% used [0x00000007bc880000,0x00000007bc880000,0x00000007bea80000)
 ParOldGen       total 80384K, used 80057K [0x0000000780000000, 0x0000000784e80000, 0x00000007aab00000)
  object space 80384K, 99% used [0x0000000780000000,0x0000000784e2e418,0x0000000784e80000)
 Metaspace       used 26916K, capacity 28282K, committed 28336K, reserved 1073152K
  class space    used 3483K, capacity 3747K, committed 3760K, reserved 1048576K
Event: 63.863 GC heap after
Heap after GC invocations=19 (full 2):
 PSYoungGen      total 203264K, used 12495K [0x00000007aab00000, 0x00000007bea80000, 0x00000007c0000000)
  eden space 190464K, 0% used [0x00000007aab00000,0x00000007aab00000,0x00000007b6500000)
  from space 12800K, 97% used [0x00000007b6500000,0x00000007b7133df0,0x00000007b7180000)
  to   space 34816K, 0% used [0x00000007bc880000,0x00000007bc880000,0x00000007bea80000)
 ParOldGen       total 128000K, used 73519K [0x0000000780000000, 0x0000000787d00000, 0x00000007aab00000)
  object space 128000K, 57% used [0x0000000780000000,0x00000007847cbef0,0x0000000787d00000)
 Metaspace       used 26916K, capacity 28282K, committed 28336K, reserved 1073152K
  class space    used 3483K, capacity 3747K, committed 3760K, reserved 1048576K
}

